<?xml version="1.0" encoding="UTF-8"?>
<testng-results skipped="0" failed="0" ignored="0" total="1" passed="1">
  <reporter-output>
  </reporter-output>
  <suite name="Default suite" duration-ms="34961" started-at="2017-11-22T04:34:13Z" finished-at="2017-11-22T04:34:48Z">
    <groups>
    </groups>
    <test name="Default test" duration-ms="34961" started-at="2017-11-22T04:34:13Z" finished-at="2017-11-22T04:34:48Z">
      <class name="kdf.Application">
        <test-method status="PASS" signature="testApplications()[pri:0, instance:kdf.Application@7dc7cbad]" name="testApplications" duration-ms="34943" started-at="2017-11-21T23:34:13Z" finished-at="2017-11-21T23:34:48Z">
          <reporter-output>
          </reporter-output>
        </test-method> <!-- testApplications -->
      </class> <!-- kdf.Application -->
    </test> <!-- Default test -->
  </suite> <!-- Default suite -->
</testng-results>
